<?xml version="1.0" encoding="UTF-8"?>
<!-- Generated by org.testng.reporters.JUnitReportReporter -->
<testsuite hostname="LP-5CD120NLR8" name="Example.Alert1" tests="3" failures="3" timestamp="20 Nov 2021 07:54:11 GMT" time="0.000" errors="0">
  <testcase name="alerthandle" time="0.000" classname="Example.Alert1">
    <failure type="org.openqa.selenium.SessionNotCreatedException" message="session not created: This version of ChromeDriver only supports Chrome version 97
Current browser version is 96.0.4664.45 with binary path C:\Program Files\Google\Chrome\Application\chrome.exe
Build info: version: &#039;3.8.1&#039;, revision: &#039;6e95a6684b&#039;, time: &#039;2017-12-01T18:33:54.468Z&#039;
System info: host: &#039;LP-5CD120NLR8&#039;, ip: &#039;192.168.225.212&#039;, os.name: &#039;Windows 10&#039;, os.arch: &#039;amd64&#039;, os.version: &#039;10.0&#039;, java.version: &#039;1.8.0_181&#039;
Driver info: driver.version: ChromeDriver
remote stacktrace: Backtrace:
	Ordinal0 [0x004C0613+2557459]
	Ordinal0 [0x004579D1+2128337]
	Ordinal0 [0x00352DF8+1060344]
	Ordinal0 [0x0037199A+1186202]
	Ordinal0 [0x0036D7F5+1169397]
	Ordinal0 [0x0036AFB1+1159089]
	Ordinal0 [0x0039C16F+1360239]
	Ordinal0 [0x0039BDDA+1359322]
	Ordinal0 [0x003978C6+1341638]
	Ordinal0 [0x00373686+1193606]
	Ordinal0 [0x00374516+1197334]
	GetHandleVerifier [0x0065A922+1624850]
	GetHandleVerifier [0x007085FC+2336748]
	GetHandleVerifier [0x00554041+549425]
	GetHandleVerifier [0x00553143+545587]
	Ordinal0 [0x0045D34E+2151246]
	Ordinal0 [0x00461918+2169112]
	Ordinal0 [0x00461A60+2169440]
	Ordinal0 [0x0046B650+2209360]
	BaseThreadInitThunk [0x75006359+25]
	RtlGetAppContainerNamedObjectPath [0x777E87A4+228]
	RtlGetAppContainerNamedObjectPath [0x777E8774+180]
">
      <![CDATA[org.openqa.selenium.SessionNotCreatedException: session not created: This version of ChromeDriver only supports Chrome version 97
Current browser version is 96.0.4664.45 with binary path C:\Program Files\Google\Chrome\Application\chrome.exe
Build info: version: '3.8.1', revision: '6e95a6684b', time: '2017-12-01T18:33:54.468Z'
System info: host: 'LP-5CD120NLR8', ip: '192.168.225.212', os.name: 'Windows 10', os.arch: 'amd64', os.version: '10.0', java.version: '1.8.0_181'
Driver info: driver.version: ChromeDriver
remote stacktrace: Backtrace:
	Ordinal0 [0x004C0613+2557459]
	Ordinal0 [0x004579D1+2128337]
	Ordinal0 [0x00352DF8+1060344]
	Ordinal0 [0x0037199A+1186202]
	Ordinal0 [0x0036D7F5+1169397]
	Ordinal0 [0x0036AFB1+1159089]
	Ordinal0 [0x0039C16F+1360239]
	Ordinal0 [0x0039BDDA+1359322]
	Ordinal0 [0x003978C6+1341638]
	Ordinal0 [0x00373686+1193606]
	Ordinal0 [0x00374516+1197334]
	GetHandleVerifier [0x0065A922+1624850]
	GetHandleVerifier [0x007085FC+2336748]
	GetHandleVerifier [0x00554041+549425]
	GetHandleVerifier [0x00553143+545587]
	Ordinal0 [0x0045D34E+2151246]
	Ordinal0 [0x00461918+2169112]
	Ordinal0 [0x00461A60+2169440]
	Ordinal0 [0x0046B650+2209360]
	BaseThreadInitThunk [0x75006359+25]
	RtlGetAppContainerNamedObjectPath [0x777E87A4+228]
	RtlGetAppContainerNamedObjectPath [0x777E8774+180]

	at sun.reflect.NativeConstructorAccessorImpl.newInstance0(Native Method)
	at sun.reflect.NativeConstructorAccessorImpl.newInstance(Unknown Source)
	at sun.reflect.DelegatingConstructorAccessorImpl.newInstance(Unknown Source)
	at java.lang.reflect.Constructor.newInstance(Unknown Source)
	at org.openqa.selenium.remote.W3CHandshakeResponse.lambda$new$0(W3CHandshakeResponse.java:57)
	at org.openqa.selenium.remote.W3CHandshakeResponse.lambda$getResponseFunction$2(W3CHandshakeResponse.java:104)
	at org.openqa.selenium.remote.ProtocolHandshake.lambda$createSession$0(ProtocolHandshake.java:123)
	at java.util.stream.ReferencePipeline$3$1.accept(Unknown Source)
	at java.util.Spliterators$ArraySpliterator.tryAdvance(Unknown Source)
	at java.util.stream.ReferencePipeline.forEachWithCancel(Unknown Source)
	at java.util.stream.AbstractPipeline.copyIntoWithCancel(Unknown Source)
	at java.util.stream.AbstractPipeline.copyInto(Unknown Source)
	at java.util.stream.AbstractPipeline.wrapAndCopyInto(Unknown Source)
	at java.util.stream.FindOps$FindOp.evaluateSequential(Unknown Source)
	at java.util.stream.AbstractPipeline.evaluate(Unknown Source)
	at java.util.stream.ReferencePipeline.findFirst(Unknown Source)
	at org.openqa.selenium.remote.ProtocolHandshake.createSession(ProtocolHandshake.java:126)
	at org.openqa.selenium.remote.ProtocolHandshake.createSession(ProtocolHandshake.java:73)
	at org.openqa.selenium.remote.HttpCommandExecutor.execute(HttpCommandExecutor.java:142)
	at org.openqa.selenium.remote.service.DriverCommandExecutor.execute(DriverCommandExecutor.java:83)
	at org.openqa.selenium.remote.RemoteWebDriver.execute(RemoteWebDriver.java:601)
	at org.openqa.selenium.remote.RemoteWebDriver.startSession(RemoteWebDriver.java:219)
	at org.openqa.selenium.remote.RemoteWebDriver.<init>(RemoteWebDriver.java:142)
	at org.openqa.selenium.chrome.ChromeDriver.<init>(ChromeDriver.java:181)
	at org.openqa.selenium.chrome.ChromeDriver.<init>(ChromeDriver.java:168)
	at org.openqa.selenium.chrome.ChromeDriver.<init>(ChromeDriver.java:123)
	at Example.Alert1.launchBrowser(Alert1.java:25)
	at sun.reflect.NativeMethodAccessorImpl.invoke0(Native Method)
	at sun.reflect.NativeMethodAccessorImpl.invoke(Unknown Source)
	at sun.reflect.DelegatingMethodAccessorImpl.invoke(Unknown Source)
	at java.lang.reflect.Method.invoke(Unknown Source)
	at org.testng.internal.MethodInvocationHelper.invokeMethod(MethodInvocationHelper.java:84)
	at org.testng.internal.Invoker.invokeConfigurationMethod(Invoker.java:564)
	at org.testng.internal.Invoker.invokeConfigurations(Invoker.java:213)
	at org.testng.internal.Invoker.invokeConfigurations(Invoker.java:138)
	at org.testng.internal.TestMethodWorker.invokeBeforeClassMethods(TestMethodWorker.java:175)
	at org.testng.internal.TestMethodWorker.run(TestMethodWorker.java:107)
	at org.testng.TestRunner.privateRun(TestRunner.java:767)
	at org.testng.TestRunner.run(TestRunner.java:617)
	at org.testng.SuiteRunner.runTest(SuiteRunner.java:348)
	at org.testng.SuiteRunner.runSequentially(SuiteRunner.java:343)
	at org.testng.SuiteRunner.privateRun(SuiteRunner.java:305)
	at org.testng.SuiteRunner.run(SuiteRunner.java:254)
	at org.testng.SuiteRunnerWorker.runSuite(SuiteRunnerWorker.java:52)
	at org.testng.SuiteRunnerWorker.run(SuiteRunnerWorker.java:86)
	at org.testng.TestNG.runSuitesSequentially(TestNG.java:1224)
	at org.testng.TestNG.runSuitesLocally(TestNG.java:1149)
	at org.testng.TestNG.run(TestNG.java:1057)
	at org.testng.remote.AbstractRemoteTestNG.run(AbstractRemoteTestNG.java:132)
	at org.testng.remote.RemoteTestNG.initAndRun(RemoteTestNG.java:230)
	at org.testng.remote.RemoteTestNG.main(RemoteTestNG.java:76)
]]>
    </failure>
  </testcase> <!-- alerthandle -->
  <testcase name="alert3" time="0.000" classname="Example.Alert1">
    <failure type="org.openqa.selenium.SessionNotCreatedException" message="session not created: This version of ChromeDriver only supports Chrome version 97
Current browser version is 96.0.4664.45 with binary path C:\Program Files\Google\Chrome\Application\chrome.exe
Build info: version: &#039;3.8.1&#039;, revision: &#039;6e95a6684b&#039;, time: &#039;2017-12-01T18:33:54.468Z&#039;
System info: host: &#039;LP-5CD120NLR8&#039;, ip: &#039;192.168.225.212&#039;, os.name: &#039;Windows 10&#039;, os.arch: &#039;amd64&#039;, os.version: &#039;10.0&#039;, java.version: &#039;1.8.0_181&#039;
Driver info: driver.version: ChromeDriver
remote stacktrace: Backtrace:
	Ordinal0 [0x004C0613+2557459]
	Ordinal0 [0x004579D1+2128337]
	Ordinal0 [0x00352DF8+1060344]
	Ordinal0 [0x0037199A+1186202]
	Ordinal0 [0x0036D7F5+1169397]
	Ordinal0 [0x0036AFB1+1159089]
	Ordinal0 [0x0039C16F+1360239]
	Ordinal0 [0x0039BDDA+1359322]
	Ordinal0 [0x003978C6+1341638]
	Ordinal0 [0x00373686+1193606]
	Ordinal0 [0x00374516+1197334]
	GetHandleVerifier [0x0065A922+1624850]
	GetHandleVerifier [0x007085FC+2336748]
	GetHandleVerifier [0x00554041+549425]
	GetHandleVerifier [0x00553143+545587]
	Ordinal0 [0x0045D34E+2151246]
	Ordinal0 [0x00461918+2169112]
	Ordinal0 [0x00461A60+2169440]
	Ordinal0 [0x0046B650+2209360]
	BaseThreadInitThunk [0x75006359+25]
	RtlGetAppContainerNamedObjectPath [0x777E87A4+228]
	RtlGetAppContainerNamedObjectPath [0x777E8774+180]
">
      <![CDATA[org.openqa.selenium.SessionNotCreatedException: session not created: This version of ChromeDriver only supports Chrome version 97
Current browser version is 96.0.4664.45 with binary path C:\Program Files\Google\Chrome\Application\chrome.exe
Build info: version: '3.8.1', revision: '6e95a6684b', time: '2017-12-01T18:33:54.468Z'
System info: host: 'LP-5CD120NLR8', ip: '192.168.225.212', os.name: 'Windows 10', os.arch: 'amd64', os.version: '10.0', java.version: '1.8.0_181'
Driver info: driver.version: ChromeDriver
remote stacktrace: Backtrace:
	Ordinal0 [0x004C0613+2557459]
	Ordinal0 [0x004579D1+2128337]
	Ordinal0 [0x00352DF8+1060344]
	Ordinal0 [0x0037199A+1186202]
	Ordinal0 [0x0036D7F5+1169397]
	Ordinal0 [0x0036AFB1+1159089]
	Ordinal0 [0x0039C16F+1360239]
	Ordinal0 [0x0039BDDA+1359322]
	Ordinal0 [0x003978C6+1341638]
	Ordinal0 [0x00373686+1193606]
	Ordinal0 [0x00374516+1197334]
	GetHandleVerifier [0x0065A922+1624850]
	GetHandleVerifier [0x007085FC+2336748]
	GetHandleVerifier [0x00554041+549425]
	GetHandleVerifier [0x00553143+545587]
	Ordinal0 [0x0045D34E+2151246]
	Ordinal0 [0x00461918+2169112]
	Ordinal0 [0x00461A60+2169440]
	Ordinal0 [0x0046B650+2209360]
	BaseThreadInitThunk [0x75006359+25]
	RtlGetAppContainerNamedObjectPath [0x777E87A4+228]
	RtlGetAppContainerNamedObjectPath [0x777E8774+180]

	at sun.reflect.NativeConstructorAccessorImpl.newInstance0(Native Method)
	at sun.reflect.NativeConstructorAccessorImpl.newInstance(Unknown Source)
	at sun.reflect.DelegatingConstructorAccessorImpl.newInstance(Unknown Source)
	at java.lang.reflect.Constructor.newInstance(Unknown Source)
	at org.openqa.selenium.remote.W3CHandshakeResponse.lambda$new$0(W3CHandshakeResponse.java:57)
	at org.openqa.selenium.remote.W3CHandshakeResponse.lambda$getResponseFunction$2(W3CHandshakeResponse.java:104)
	at org.openqa.selenium.remote.ProtocolHandshake.lambda$createSession$0(ProtocolHandshake.java:123)
	at java.util.stream.ReferencePipeline$3$1.accept(Unknown Source)
	at java.util.Spliterators$ArraySpliterator.tryAdvance(Unknown Source)
	at java.util.stream.ReferencePipeline.forEachWithCancel(Unknown Source)
	at java.util.stream.AbstractPipeline.copyIntoWithCancel(Unknown Source)
	at java.util.stream.AbstractPipeline.copyInto(Unknown Source)
	at java.util.stream.AbstractPipeline.wrapAndCopyInto(Unknown Source)
	at java.util.stream.FindOps$FindOp.evaluateSequential(Unknown Source)
	at java.util.stream.AbstractPipeline.evaluate(Unknown Source)
	at java.util.stream.ReferencePipeline.findFirst(Unknown Source)
	at org.openqa.selenium.remote.ProtocolHandshake.createSession(ProtocolHandshake.java:126)
	at org.openqa.selenium.remote.ProtocolHandshake.createSession(ProtocolHandshake.java:73)
	at org.openqa.selenium.remote.HttpCommandExecutor.execute(HttpCommandExecutor.java:142)
	at org.openqa.selenium.remote.service.DriverCommandExecutor.execute(DriverCommandExecutor.java:83)
	at org.openqa.selenium.remote.RemoteWebDriver.execute(RemoteWebDriver.java:601)
	at org.openqa.selenium.remote.RemoteWebDriver.startSession(RemoteWebDriver.java:219)
	at org.openqa.selenium.remote.RemoteWebDriver.<init>(RemoteWebDriver.java:142)
	at org.openqa.selenium.chrome.ChromeDriver.<init>(ChromeDriver.java:181)
	at org.openqa.selenium.chrome.ChromeDriver.<init>(ChromeDriver.java:168)
	at org.openqa.selenium.chrome.ChromeDriver.<init>(ChromeDriver.java:123)
	at Example.Alert1.launchBrowser(Alert1.java:25)
	at sun.reflect.NativeMethodAccessorImpl.invoke0(Native Method)
	at sun.reflect.NativeMethodAccessorImpl.invoke(Unknown Source)
	at sun.reflect.DelegatingMethodAccessorImpl.invoke(Unknown Source)
	at java.lang.reflect.Method.invoke(Unknown Source)
	at org.testng.internal.MethodInvocationHelper.invokeMethod(MethodInvocationHelper.java:84)
	at org.testng.internal.Invoker.invokeConfigurationMethod(Invoker.java:564)
	at org.testng.internal.Invoker.invokeConfigurations(Invoker.java:213)
	at org.testng.internal.Invoker.invokeConfigurations(Invoker.java:138)
	at org.testng.internal.TestMethodWorker.invokeBeforeClassMethods(TestMethodWorker.java:175)
	at org.testng.internal.TestMethodWorker.run(TestMethodWorker.java:107)
	at org.testng.TestRunner.privateRun(TestRunner.java:767)
	at org.testng.TestRunner.run(TestRunner.java:617)
	at org.testng.SuiteRunner.runTest(SuiteRunner.java:348)
	at org.testng.SuiteRunner.runSequentially(SuiteRunner.java:343)
	at org.testng.SuiteRunner.privateRun(SuiteRunner.java:305)
	at org.testng.SuiteRunner.run(SuiteRunner.java:254)
	at org.testng.SuiteRunnerWorker.runSuite(SuiteRunnerWorker.java:52)
	at org.testng.SuiteRunnerWorker.run(SuiteRunnerWorker.java:86)
	at org.testng.TestNG.runSuitesSequentially(TestNG.java:1224)
	at org.testng.TestNG.runSuitesLocally(TestNG.java:1149)
	at org.testng.TestNG.run(TestNG.java:1057)
	at org.testng.remote.AbstractRemoteTestNG.run(AbstractRemoteTestNG.java:132)
	at org.testng.remote.RemoteTestNG.initAndRun(RemoteTestNG.java:230)
	at org.testng.remote.RemoteTestNG.main(RemoteTestNG.java:76)
]]>
    </failure>
  </testcase> <!-- alert3 -->
  <testcase name="alert2" time="0.000" classname="Example.Alert1">
    <failure type="org.openqa.selenium.SessionNotCreatedException" message="session not created: This version of ChromeDriver only supports Chrome version 97
Current browser version is 96.0.4664.45 with binary path C:\Program Files\Google\Chrome\Application\chrome.exe
Build info: version: &#039;3.8.1&#039;, revision: &#039;6e95a6684b&#039;, time: &#039;2017-12-01T18:33:54.468Z&#039;
System info: host: &#039;LP-5CD120NLR8&#039;, ip: &#039;192.168.225.212&#039;, os.name: &#039;Windows 10&#039;, os.arch: &#039;amd64&#039;, os.version: &#039;10.0&#039;, java.version: &#039;1.8.0_181&#039;
Driver info: driver.version: ChromeDriver
remote stacktrace: Backtrace:
	Ordinal0 [0x004C0613+2557459]
	Ordinal0 [0x004579D1+2128337]
	Ordinal0 [0x00352DF8+1060344]
	Ordinal0 [0x0037199A+1186202]
	Ordinal0 [0x0036D7F5+1169397]
	Ordinal0 [0x0036AFB1+1159089]
	Ordinal0 [0x0039C16F+1360239]
	Ordinal0 [0x0039BDDA+1359322]
	Ordinal0 [0x003978C6+1341638]
	Ordinal0 [0x00373686+1193606]
	Ordinal0 [0x00374516+1197334]
	GetHandleVerifier [0x0065A922+1624850]
	GetHandleVerifier [0x007085FC+2336748]
	GetHandleVerifier [0x00554041+549425]
	GetHandleVerifier [0x00553143+545587]
	Ordinal0 [0x0045D34E+2151246]
	Ordinal0 [0x00461918+2169112]
	Ordinal0 [0x00461A60+2169440]
	Ordinal0 [0x0046B650+2209360]
	BaseThreadInitThunk [0x75006359+25]
	RtlGetAppContainerNamedObjectPath [0x777E87A4+228]
	RtlGetAppContainerNamedObjectPath [0x777E8774+180]
">
      <![CDATA[org.openqa.selenium.SessionNotCreatedException: session not created: This version of ChromeDriver only supports Chrome version 97
Current browser version is 96.0.4664.45 with binary path C:\Program Files\Google\Chrome\Application\chrome.exe
Build info: version: '3.8.1', revision: '6e95a6684b', time: '2017-12-01T18:33:54.468Z'
System info: host: 'LP-5CD120NLR8', ip: '192.168.225.212', os.name: 'Windows 10', os.arch: 'amd64', os.version: '10.0', java.version: '1.8.0_181'
Driver info: driver.version: ChromeDriver
remote stacktrace: Backtrace:
	Ordinal0 [0x004C0613+2557459]
	Ordinal0 [0x004579D1+2128337]
	Ordinal0 [0x00352DF8+1060344]
	Ordinal0 [0x0037199A+1186202]
	Ordinal0 [0x0036D7F5+1169397]
	Ordinal0 [0x0036AFB1+1159089]
	Ordinal0 [0x0039C16F+1360239]
	Ordinal0 [0x0039BDDA+1359322]
	Ordinal0 [0x003978C6+1341638]
	Ordinal0 [0x00373686+1193606]
	Ordinal0 [0x00374516+1197334]
	GetHandleVerifier [0x0065A922+1624850]
	GetHandleVerifier [0x007085FC+2336748]
	GetHandleVerifier [0x00554041+549425]
	GetHandleVerifier [0x00553143+545587]
	Ordinal0 [0x0045D34E+2151246]
	Ordinal0 [0x00461918+2169112]
	Ordinal0 [0x00461A60+2169440]
	Ordinal0 [0x0046B650+2209360]
	BaseThreadInitThunk [0x75006359+25]
	RtlGetAppContainerNamedObjectPath [0x777E87A4+228]
	RtlGetAppContainerNamedObjectPath [0x777E8774+180]

	at sun.reflect.NativeConstructorAccessorImpl.newInstance0(Native Method)
	at sun.reflect.NativeConstructorAccessorImpl.newInstance(Unknown Source)
	at sun.reflect.DelegatingConstructorAccessorImpl.newInstance(Unknown Source)
	at java.lang.reflect.Constructor.newInstance(Unknown Source)
	at org.openqa.selenium.remote.W3CHandshakeResponse.lambda$new$0(W3CHandshakeResponse.java:57)
	at org.openqa.selenium.remote.W3CHandshakeResponse.lambda$getResponseFunction$2(W3CHandshakeResponse.java:104)
	at org.openqa.selenium.remote.ProtocolHandshake.lambda$createSession$0(ProtocolHandshake.java:123)
	at java.util.stream.ReferencePipeline$3$1.accept(Unknown Source)
	at java.util.Spliterators$ArraySpliterator.tryAdvance(Unknown Source)
	at java.util.stream.ReferencePipeline.forEachWithCancel(Unknown Source)
	at java.util.stream.AbstractPipeline.copyIntoWithCancel(Unknown Source)
	at java.util.stream.AbstractPipeline.copyInto(Unknown Source)
	at java.util.stream.AbstractPipeline.wrapAndCopyInto(Unknown Source)
	at java.util.stream.FindOps$FindOp.evaluateSequential(Unknown Source)
	at java.util.stream.AbstractPipeline.evaluate(Unknown Source)
	at java.util.stream.ReferencePipeline.findFirst(Unknown Source)
	at org.openqa.selenium.remote.ProtocolHandshake.createSession(ProtocolHandshake.java:126)
	at org.openqa.selenium.remote.ProtocolHandshake.createSession(ProtocolHandshake.java:73)
	at org.openqa.selenium.remote.HttpCommandExecutor.execute(HttpCommandExecutor.java:142)
	at org.openqa.selenium.remote.service.DriverCommandExecutor.execute(DriverCommandExecutor.java:83)
	at org.openqa.selenium.remote.RemoteWebDriver.execute(RemoteWebDriver.java:601)
	at org.openqa.selenium.remote.RemoteWebDriver.startSession(RemoteWebDriver.java:219)
	at org.openqa.selenium.remote.RemoteWebDriver.<init>(RemoteWebDriver.java:142)
	at org.openqa.selenium.chrome.ChromeDriver.<init>(ChromeDriver.java:181)
	at org.openqa.selenium.chrome.ChromeDriver.<init>(ChromeDriver.java:168)
	at org.openqa.selenium.chrome.ChromeDriver.<init>(ChromeDriver.java:123)
	at Example.Alert1.launchBrowser(Alert1.java:25)
	at sun.reflect.NativeMethodAccessorImpl.invoke0(Native Method)
	at sun.reflect.NativeMethodAccessorImpl.invoke(Unknown Source)
	at sun.reflect.DelegatingMethodAccessorImpl.invoke(Unknown Source)
	at java.lang.reflect.Method.invoke(Unknown Source)
	at org.testng.internal.MethodInvocationHelper.invokeMethod(MethodInvocationHelper.java:84)
	at org.testng.internal.Invoker.invokeConfigurationMethod(Invoker.java:564)
	at org.testng.internal.Invoker.invokeConfigurations(Invoker.java:213)
	at org.testng.internal.Invoker.invokeConfigurations(Invoker.java:138)
	at org.testng.internal.TestMethodWorker.invokeBeforeClassMethods(TestMethodWorker.java:175)
	at org.testng.internal.TestMethodWorker.run(TestMethodWorker.java:107)
	at org.testng.TestRunner.privateRun(TestRunner.java:767)
	at org.testng.TestRunner.run(TestRunner.java:617)
	at org.testng.SuiteRunner.runTest(SuiteRunner.java:348)
	at org.testng.SuiteRunner.runSequentially(SuiteRunner.java:343)
	at org.testng.SuiteRunner.privateRun(SuiteRunner.java:305)
	at org.testng.SuiteRunner.run(SuiteRunner.java:254)
	at org.testng.SuiteRunnerWorker.runSuite(SuiteRunnerWorker.java:52)
	at org.testng.SuiteRunnerWorker.run(SuiteRunnerWorker.java:86)
	at org.testng.TestNG.runSuitesSequentially(TestNG.java:1224)
	at org.testng.TestNG.runSuitesLocally(TestNG.java:1149)
	at org.testng.TestNG.run(TestNG.java:1057)
	at org.testng.remote.AbstractRemoteTestNG.run(AbstractRemoteTestNG.java:132)
	at org.testng.remote.RemoteTestNG.initAndRun(RemoteTestNG.java:230)
	at org.testng.remote.RemoteTestNG.main(RemoteTestNG.java:76)
]]>
    </failure>
  </testcase> <!-- alert2 -->
</testsuite> <!-- Example.Alert1 -->
