<?xml version="1.0" encoding="UTF-8"?>
<!-- Generated by org.testng.reporters.JUnitReportReporter -->
<testsuite hostname="LP-5CD120NLR8" name="Example.ExplicitWait" tests="1" failures="1" timestamp="20 Nov 2021 07:43:23 GMT" time="2.433" errors="0">
  <testcase name="explicit_Wait" time="2.433" classname="Example.ExplicitWait">
    <failure type="org.openqa.selenium.SessionNotCreatedException" message="session not created: This version of ChromeDriver only supports Chrome version 94
Current browser version is 96.0.4664.45 with binary path C:\Program Files\Google\Chrome\Application\chrome.exe
Build info: version: &#039;3.6.0&#039;, revision: &#039;6fbf3ec767&#039;, time: &#039;2017-09-27T15:28:36.4Z&#039;
System info: host: &#039;LP-5CD120NLR8&#039;, ip: &#039;192.168.225.212&#039;, os.name: &#039;Windows 10&#039;, os.arch: &#039;amd64&#039;, os.version: &#039;10.0&#039;, java.version: &#039;1.8.0_181&#039;
Driver info: driver.version: ChromeDriver
remote stacktrace: Backtrace:
	Ordinal0 [0x0059BDE3+2473443]
	Ordinal0 [0x00536661+2057825]
	Ordinal0 [0x00442438+1057848]
	Ordinal0 [0x0046054A+1181002]
	Ordinal0 [0x0045C435+1164341]
	Ordinal0 [0x00459CAF+1154223]
	Ordinal0 [0x00489ADF+1350367]
	Ordinal0 [0x0048974A+1349450]
	Ordinal0 [0x004855AB+1332651]
	Ordinal0 [0x00462104+1188100]
	Ordinal0 [0x00462F59+1191769]
	GetHandleVerifier [0x00722266+1549718]
	GetHandleVerifier [0x007CD4A7+2250711]
	GetHandleVerifier [0x0062718B+521403]
	GetHandleVerifier [0x00626229+517465]
	Ordinal0 [0x0053B79D+2078621]
	Ordinal0 [0x0053FB58+2095960]
	Ordinal0 [0x0053FC92+2096274]
	Ordinal0 [0x00549541+2135361]
	BaseThreadInitThunk [0x75006359+25]
	RtlGetAppContainerNamedObjectPath [0x777E87A4+228]
	RtlGetAppContainerNamedObjectPath [0x777E8774+180]
">
      <![CDATA[org.openqa.selenium.SessionNotCreatedException: session not created: This version of ChromeDriver only supports Chrome version 94
Current browser version is 96.0.4664.45 with binary path C:\Program Files\Google\Chrome\Application\chrome.exe
Build info: version: '3.6.0', revision: '6fbf3ec767', time: '2017-09-27T15:28:36.4Z'
System info: host: 'LP-5CD120NLR8', ip: '192.168.225.212', os.name: 'Windows 10', os.arch: 'amd64', os.version: '10.0', java.version: '1.8.0_181'
Driver info: driver.version: ChromeDriver
remote stacktrace: Backtrace:
	Ordinal0 [0x0059BDE3+2473443]
	Ordinal0 [0x00536661+2057825]
	Ordinal0 [0x00442438+1057848]
	Ordinal0 [0x0046054A+1181002]
	Ordinal0 [0x0045C435+1164341]
	Ordinal0 [0x00459CAF+1154223]
	Ordinal0 [0x00489ADF+1350367]
	Ordinal0 [0x0048974A+1349450]
	Ordinal0 [0x004855AB+1332651]
	Ordinal0 [0x00462104+1188100]
	Ordinal0 [0x00462F59+1191769]
	GetHandleVerifier [0x00722266+1549718]
	GetHandleVerifier [0x007CD4A7+2250711]
	GetHandleVerifier [0x0062718B+521403]
	GetHandleVerifier [0x00626229+517465]
	Ordinal0 [0x0053B79D+2078621]
	Ordinal0 [0x0053FB58+2095960]
	Ordinal0 [0x0053FC92+2096274]
	Ordinal0 [0x00549541+2135361]
	BaseThreadInitThunk [0x75006359+25]
	RtlGetAppContainerNamedObjectPath [0x777E87A4+228]
	RtlGetAppContainerNamedObjectPath [0x777E8774+180]

	at sun.reflect.NativeConstructorAccessorImpl.newInstance0(Native Method)
	at sun.reflect.NativeConstructorAccessorImpl.newInstance(Unknown Source)
	at sun.reflect.DelegatingConstructorAccessorImpl.newInstance(Unknown Source)
	at java.lang.reflect.Constructor.newInstance(Unknown Source)
	at org.openqa.selenium.remote.W3CHandshakeResponse.lambda$new$0(W3CHandshakeResponse.java:57)
	at org.openqa.selenium.remote.W3CHandshakeResponse.lambda$getResponseFunction$2(W3CHandshakeResponse.java:104)
	at org.openqa.selenium.remote.ProtocolHandshake.lambda$createSession$24(ProtocolHandshake.java:359)
	at java.util.stream.ReferencePipeline$3$1.accept(Unknown Source)
	at java.util.Spliterators$ArraySpliterator.tryAdvance(Unknown Source)
	at java.util.stream.ReferencePipeline.forEachWithCancel(Unknown Source)
	at java.util.stream.AbstractPipeline.copyIntoWithCancel(Unknown Source)
	at java.util.stream.AbstractPipeline.copyInto(Unknown Source)
	at java.util.stream.AbstractPipeline.wrapAndCopyInto(Unknown Source)
	at java.util.stream.FindOps$FindOp.evaluateSequential(Unknown Source)
	at java.util.stream.AbstractPipeline.evaluate(Unknown Source)
	at java.util.stream.ReferencePipeline.findFirst(Unknown Source)
	at org.openqa.selenium.remote.ProtocolHandshake.createSession(ProtocolHandshake.java:362)
	at org.openqa.selenium.remote.ProtocolHandshake.createSession(ProtocolHandshake.java:136)
	at org.openqa.selenium.remote.HttpCommandExecutor.execute(HttpCommandExecutor.java:142)
	at org.openqa.selenium.remote.service.DriverCommandExecutor.execute(DriverCommandExecutor.java:83)
	at org.openqa.selenium.remote.RemoteWebDriver.execute(RemoteWebDriver.java:586)
	at org.openqa.selenium.remote.RemoteWebDriver.startSession(RemoteWebDriver.java:217)
	at org.openqa.selenium.remote.RemoteWebDriver.<init>(RemoteWebDriver.java:140)
	at org.openqa.selenium.chrome.ChromeDriver.<init>(ChromeDriver.java:181)
	at org.openqa.selenium.chrome.ChromeDriver.<init>(ChromeDriver.java:168)
	at org.openqa.selenium.chrome.ChromeDriver.<init>(ChromeDriver.java:123)
	at Example.ExplicitWait.explicit_Wait(ExplicitWait.java:18)
	at sun.reflect.NativeMethodAccessorImpl.invoke0(Native Method)
	at sun.reflect.NativeMethodAccessorImpl.invoke(Unknown Source)
	at sun.reflect.DelegatingMethodAccessorImpl.invoke(Unknown Source)
	at java.lang.reflect.Method.invoke(Unknown Source)
	at org.testng.internal.MethodInvocationHelper.invokeMethod(MethodInvocationHelper.java:84)
	at org.testng.internal.Invoker.invokeMethod(Invoker.java:714)
	at org.testng.internal.Invoker.invokeTestMethod(Invoker.java:901)
	at org.testng.internal.Invoker.invokeTestMethods(Invoker.java:1231)
	at org.testng.internal.TestMethodWorker.invokeTestMethods(TestMethodWorker.java:127)
	at org.testng.internal.TestMethodWorker.run(TestMethodWorker.java:111)
	at org.testng.TestRunner.privateRun(TestRunner.java:767)
	at org.testng.TestRunner.run(TestRunner.java:617)
	at org.testng.SuiteRunner.runTest(SuiteRunner.java:348)
	at org.testng.SuiteRunner.runSequentially(SuiteRunner.java:343)
	at org.testng.SuiteRunner.privateRun(SuiteRunner.java:305)
	at org.testng.SuiteRunner.run(SuiteRunner.java:254)
	at org.testng.SuiteRunnerWorker.runSuite(SuiteRunnerWorker.java:52)
	at org.testng.SuiteRunnerWorker.run(SuiteRunnerWorker.java:86)
	at org.testng.TestNG.runSuitesSequentially(TestNG.java:1224)
	at org.testng.TestNG.runSuitesLocally(TestNG.java:1149)
	at org.testng.TestNG.run(TestNG.java:1057)
	at org.testng.remote.AbstractRemoteTestNG.run(AbstractRemoteTestNG.java:132)
	at org.testng.remote.RemoteTestNG.initAndRun(RemoteTestNG.java:230)
	at org.testng.remote.RemoteTestNG.main(RemoteTestNG.java:76)
]]>
    </failure>
  </testcase> <!-- explicit_Wait -->
</testsuite> <!-- Example.ExplicitWait -->
